#
# There is insufficient memory for the Java Runtime Environment to continue.
# Native memory allocation (malloc) failed to allocate 1140496 bytes for Chunk::new
# Possible reasons:
#   The system is out of physical RAM or swap space
#   The process is running with CompressedOops enabled, and the Java Heap may be blocking the growth of the native heap
# Possible solutions:
#   Reduce memory load on the system
#   Increase physical memory or swap space
#   Check if swap backing store is full
#   Decrease Java heap size (-Xmx/-Xms)
#   Decrease number of Java threads
#   Decrease Java thread stack sizes (-Xss)
#   Set larger code cache with -XX:ReservedCodeCacheSize=
#   JVM is running with Unscaled Compressed Oops mode in which the Java heap is
#     placed in the first 4GB address space. The Java Heap base address is the
#     maximum limit for the native heap growth. Please use -XX:HeapBaseMinAddress
#     to set the Java Heap base and to place the Java Heap above 4GB virtual address.
# This output file may be truncated or incomplete.
#
#  Out of Memory Error (allocation.cpp:389), pid=13872, tid=0x0000000000008018
#
# JRE version: Java(TM) SE Runtime Environment (8.0_291-b10) (build 1.8.0_291-b10)
# Java VM: Java HotSpot(TM) 64-Bit Server VM (25.291-b10 mixed mode windows-amd64 compressed oops)
# Failed to write core dump. Minidumps are not enabled by default on client versions of Windows
#

---------------  T H R E A D  ---------------

Current thread (0x0000027d7bacb800):  JavaThread "C2 CompilerThread2" daemon [_thread_in_native, id=32792, stack(0x000000e2b0800000,0x000000e2b0900000)]

Stack: [0x000000e2b0800000,0x000000e2b0900000]
Native frames: (J=compiled Java code, j=interpreted, Vv=VM code, C=native code)
V  [jvm.dll+0x32ea19]
V  [jvm.dll+0x275462]
V  [jvm.dll+0x27610d]
V  [jvm.dll+0x26cb45]
V  [jvm.dll+0xd524c]
V  [jvm.dll+0xd5a4c]
V  [jvm.dll+0x452872]
V  [jvm.dll+0x48dcdd]
V  [jvm.dll+0x442871]
V  [jvm.dll+0x43fae4]
V  [jvm.dll+0x42aa57]
V  [jvm.dll+0xabeeb]
V  [jvm.dll+0xaa54b]
V  [jvm.dll+0x23db02]
V  [jvm.dll+0x29210c]
C  [ucrtbase.dll+0x26c0c]
C  [KERNEL32.DLL+0x154e0]
C  [ntdll.dll+0x485b]


Current CompileTask:
C2:   3192 1607       4       java.net.URLClassLoader$1::run (5 bytes)


---------------  P R O C E S S  ---------------

Java Threads: ( => current thread )
  0x0000027d7bb7a800 JavaThread "Cache worker for file hash cache (C:\Users\0ae\.gradle\caches\6.3\fileHashes)" [_thread_blocked, id=18624, stack(0x000000e2b2000000,0x000000e2b2100000)]
  0x0000027d7bb79800 JavaThread "File lock request listener" [_thread_in_native, id=35324, stack(0x000000e2b1f00000,0x000000e2b2000000)]
  0x0000027d7bb78000 JavaThread "Cache worker for journal cache (C:\Users\0ae\.gradle\caches\journal-1)" [_thread_blocked, id=14880, stack(0x000000e2b1e00000,0x000000e2b1f00000)]
  0x0000027d7db4d000 JavaThread "Thread-9" [_thread_blocked, id=11812, stack(0x000000e2b1d00000,0x000000e2b1e00000)]
  0x0000027d7db47000 JavaThread "Stdin handler" [_thread_blocked, id=35056, stack(0x000000e2b1c00000,0x000000e2b1d00000)]
  0x0000027d7db3d000 JavaThread "Asynchronous log dispatcher for DefaultDaemonConnection: socket connection from /127.0.0.1:54663 to /127.0.0.1:54664" [_thread_blocked, id=23120, stack(0x000000e2b1b00000,0x000000e2b1c00000)]
  0x0000027d7d87a800 JavaThread "Daemon worker" [_thread_in_Java, id=32052, stack(0x000000e2b1a00000,0x000000e2b1b00000)]
  0x0000027d7d879800 JavaThread "Cancel handler" [_thread_blocked, id=10004, stack(0x000000e2b1900000,0x000000e2b1a00000)]
  0x0000027d7db2b000 JavaThread "Handler for socket connection from /127.0.0.1:54663 to /127.0.0.1:54664" [_thread_in_native, id=33016, stack(0x000000e2b1800000,0x000000e2b1900000)]
  0x0000027d7d86e800 JavaThread "Daemon" [_thread_blocked, id=3740, stack(0x000000e2b1700000,0x000000e2b1800000)]
  0x0000027d7da97800 JavaThread "Daemon periodic checks" [_thread_blocked, id=35888, stack(0x000000e2b1600000,0x000000e2b1700000)]
  0x0000027d7da95800 JavaThread "Incoming local TCP Connector on port 54663" [_thread_in_native, id=27640, stack(0x000000e2b1500000,0x000000e2b1600000)]
  0x0000027d7bc78800 JavaThread "Daemon health stats" [_thread_blocked, id=25244, stack(0x000000e2b1400000,0x000000e2b1500000)]
  0x0000027d7bc09000 JavaThread "Service Thread" daemon [_thread_blocked, id=23340, stack(0x000000e2b1200000,0x000000e2b1300000)]
  0x0000027d7bb79000 JavaThread "C1 CompilerThread11" daemon [_thread_blocked, id=21976, stack(0x000000e2b1100000,0x000000e2b1200000)]
  0x0000027d7bb7c000 JavaThread "C1 CompilerThread10" daemon [_thread_in_native, id=36556, stack(0x000000e2b1000000,0x000000e2b1100000)]
  0x0000027d7bb76800 JavaThread "C1 CompilerThread9" daemon [_thread_in_native, id=35116, stack(0x000000e2b0f00000,0x000000e2b1000000)]
  0x0000027d7bb7d800 JavaThread "C1 CompilerThread8" daemon [_thread_in_vm, id=25552, stack(0x000000e2b0e00000,0x000000e2b0f00000)]
  0x0000027d7bb7b000 JavaThread "C2 CompilerThread7" daemon [_thread_in_native, id=35972, stack(0x000000e2b0d00000,0x000000e2b0e00000)]
  0x0000027d7bb7c800 JavaThread "C2 CompilerThread6" daemon [_thread_blocked, id=12088, stack(0x000000e2b0c00000,0x000000e2b0d00000)]
  0x0000027d7bb42000 JavaThread "C2 CompilerThread5" daemon [_thread_blocked, id=6444, stack(0x000000e2b0b00000,0x000000e2b0c00000)]
  0x0000027d7bb2d000 JavaThread "C2 CompilerThread4" daemon [_thread_blocked, id=36092, stack(0x000000e2b0a00000,0x000000e2b0b00000)]
  0x0000027d7bacd800 JavaThread "C2 CompilerThread3" daemon [_thread_blocked, id=11756, stack(0x000000e2b0900000,0x000000e2b0a00000)]
=>0x0000027d7bacb800 JavaThread "C2 CompilerThread2" daemon [_thread_in_native, id=32792, stack(0x000000e2b0800000,0x000000e2b0900000)]
  0x0000027d7baca000 JavaThread "C2 CompilerThread1" daemon [_thread_blocked, id=10872, stack(0x000000e2b0700000,0x000000e2b0800000)]
  0x0000027d7bb1b000 JavaThread "C2 CompilerThread0" daemon [_thread_blocked, id=25156, stack(0x000000e2b0600000,0x000000e2b0700000)]
  0x0000027d7bb1a000 JavaThread "Attach Listener" daemon [_thread_blocked, id=22792, stack(0x000000e2b0500000,0x000000e2b0600000)]
  0x0000027d78d9d800 JavaThread "Signal Dispatcher" daemon [_thread_blocked, id=20244, stack(0x000000e2b0400000,0x000000e2b0500000)]
  0x0000027d78d8e800 JavaThread "Finalizer" daemon [_thread_blocked, id=11740, stack(0x000000e2b0300000,0x000000e2b0400000)]
  0x0000027d78d88000 JavaThread "Reference Handler" daemon [_thread_blocked, id=31572, stack(0x000000e2b0200000,0x000000e2b0300000)]
  0x0000027d62ac3000 JavaThread "main" [_thread_blocked, id=36612, stack(0x000000e2af300000,0x000000e2af400000)]

Other Threads:
  0x0000027d78d80000 VMThread [stack: 0x000000e2b0100000,0x000000e2b0200000] [id=28408]
  0x0000027d7bc0d000 WatcherThread [stack: 0x000000e2b1300000,0x000000e2b1400000] [id=34884]

VM state:not at safepoint (normal execution)

VM Mutex/Monitor currently owned by a thread: None

heap address: 0x0000000080000000, size: 2048 MB, Compressed Oops mode: 32-bit
Narrow klass base: 0x0000000000000000, Narrow klass shift: 3
Compressed class space size: 1073741824 Address: 0x0000000100000000

Heap:
 PSYoungGen      total 38400K, used 18499K [0x00000000d5580000, 0x00000000da080000, 0x0000000100000000)
  eden space 33280K, 40% used [0x00000000d5580000,0x00000000d6297788,0x00000000d7600000)
  from space 5120K, 99% used [0x00000000d7b00000,0x00000000d7ff9640,0x00000000d8000000)
  to   space 5120K, 0% used [0x00000000d7600000,0x00000000d7600000,0x00000000d7b00000)
 ParOldGen       total 87552K, used 4385K [0x0000000080000000, 0x0000000085580000, 0x00000000d5580000)
  object space 87552K, 5% used [0x0000000080000000,0x00000000804484a0,0x0000000085580000)
 Metaspace       used 16451K, capacity 16946K, committed 17280K, reserved 1064960K
  class space    used 2256K, capacity 2407K, committed 2432K, reserved 1048576K

Card table byte_map: [0x0000027d737b0000,0x0000027d73bc0000] byte_map_base: 0x0000027d733b0000

Marking Bits: (ParMarkBitMap*) 0x0000000076e87fe0
 Begin Bits: [0x0000027d73e70000, 0x0000027d75e70000)
 End Bits:   [0x0000027d75e70000, 0x0000027d77e70000)

Polling page: 0x0000027d62ba0000

CodeCache: size=245760Kb used=7382Kb max_used=7382Kb free=238377Kb
 bounds [0x0000027d643f0000, 0x0000027d64b30000, 0x0000027d733f0000]
 total_blobs=2037 nmethods=1634 adapters=313
 compilation: enabled

Compilation events (10 events):
Event: 3.091 Thread 0x0000027d7bb7c000 nmethod 1620 0x0000027d64b13bd0 code [0x0000027d64b13d20, 0x0000027d64b13e38]
Event: 3.092 Thread 0x0000027d7bb79000 nmethod 1624 0x0000027d64b0a2d0 code [0x0000027d64b0a480, 0x0000027d64b0abd0]
Event: 3.092 Thread 0x0000027d7bb7d800 nmethod 1621 0x0000027d64b1df50 code [0x0000027d64b1e2a0, 0x0000027d64b1fe20]
Event: 3.110 Thread 0x0000027d7bb76800 1625       3       java.lang.Throwable::<init> (39 bytes)
Event: 3.111 Thread 0x0000027d7bb76800 nmethod 1625 0x0000027d64b09d90 code [0x0000027d64b09f00, 0x0000027d64b0a210]
Event: 3.126 Thread 0x0000027d7bb7c000 1626       3       java.lang.String::substring (56 bytes)
Event: 3.126 Thread 0x0000027d7bb7c000 nmethod 1626 0x0000027d64b20b10 code [0x0000027d64b20ca0, 0x0000027d64b21050]
Event: 3.131 Thread 0x0000027d7bacd800 1627       4       java.lang.String::<init> (100 bytes)
Event: 3.134 Thread 0x0000027d7bacd800 nmethod 1627 0x0000027d64b24110 code [0x0000027d64b24260, 0x0000027d64b24578]
Event: 3.138 Thread 0x0000027d7bb1b000 1628   !   4       java.util.zip.InflaterInputStream::read (138 bytes)

GC Heap History (8 events):
Event: 0.663 GC heap before
{Heap before GC invocations=1 (full 0):
 PSYoungGen      total 38400K, used 33280K [0x00000000d5580000, 0x00000000d8000000, 0x0000000100000000)
  eden space 33280K, 100% used [0x00000000d5580000,0x00000000d7600000,0x00000000d7600000)
  from space 5120K, 0% used [0x00000000d7b00000,0x00000000d7b00000,0x00000000d8000000)
  to   space 5120K, 0% used [0x00000000d7600000,0x00000000d7600000,0x00000000d7b00000)
 ParOldGen       total 87552K, used 0K [0x0000000080000000, 0x0000000085580000, 0x00000000d5580000)
  object space 87552K, 0% used [0x0000000080000000,0x0000000080000000,0x0000000085580000)
 Metaspace       used 7530K, capacity 7786K, committed 8064K, reserved 1056768K
  class space    used 944K, capacity 1041K, committed 1152K, reserved 1048576K
Event: 0.670 GC heap after
Heap after GC invocations=1 (full 0):
 PSYoungGen      total 38400K, used 4787K [0x00000000d5580000, 0x00000000d8000000, 0x0000000100000000)
  eden space 33280K, 0% used [0x00000000d5580000,0x00000000d5580000,0x00000000d7600000)
  from space 5120K, 93% used [0x00000000d7600000,0x00000000d7aacc30,0x00000000d7b00000)
  to   space 5120K, 0% used [0x00000000d7b00000,0x00000000d7b00000,0x00000000d8000000)
 ParOldGen       total 87552K, used 16K [0x0000000080000000, 0x0000000085580000, 0x00000000d5580000)
  object space 87552K, 0% used [0x0000000080000000,0x0000000080004000,0x0000000085580000)
 Metaspace       used 7530K, capacity 7786K, committed 8064K, reserved 1056768K
  class space    used 944K, capacity 1041K, committed 1152K, reserved 1048576K
}
Event: 1.087 GC heap before
{Heap before GC invocations=2 (full 0):
 PSYoungGen      total 38400K, used 38067K [0x00000000d5580000, 0x00000000d8000000, 0x0000000100000000)
  eden space 33280K, 100% used [0x00000000d5580000,0x00000000d7600000,0x00000000d7600000)
  from space 5120K, 93% used [0x00000000d7600000,0x00000000d7aacc30,0x00000000d7b00000)
  to   space 5120K, 0% used [0x00000000d7b00000,0x00000000d7b00000,0x00000000d8000000)
 ParOldGen       total 87552K, used 16K [0x0000000080000000, 0x0000000085580000, 0x00000000d5580000)
  object space 87552K, 0% used [0x0000000080000000,0x0000000080004000,0x0000000085580000)
 Metaspace       used 7780K, capacity 8098K, committed 8320K, reserved 1056768K
  class space    used 979K, capacity 1081K, committed 1152K, reserved 1048576K
Event: 1.093 GC heap after
Heap after GC invocations=2 (full 0):
 PSYoungGen      total 38400K, used 3811K [0x00000000d5580000, 0x00000000da080000, 0x0000000100000000)
  eden space 33280K, 0% used [0x00000000d5580000,0x00000000d5580000,0x00000000d7600000)
  from space 5120K, 74% used [0x00000000d7b00000,0x00000000d7eb8e08,0x00000000d8000000)
  to   space 5120K, 0% used [0x00000000d7600000,0x00000000d7600000,0x00000000d7b00000)
 ParOldGen       total 87552K, used 24K [0x0000000080000000, 0x0000000085580000, 0x00000000d5580000)
  object space 87552K, 0% used [0x0000000080000000,0x0000000080006000,0x0000000085580000)
 Metaspace       used 7780K, capacity 8098K, committed 8320K, reserved 1056768K
  class space    used 979K, capacity 1081K, committed 1152K, reserved 1048576K
}
Event: 2.614 GC heap before
{Heap before GC invocations=3 (full 0):
 PSYoungGen      total 38400K, used 37091K [0x00000000d5580000, 0x00000000da080000, 0x0000000100000000)
  eden space 33280K, 100% used [0x00000000d5580000,0x00000000d7600000,0x00000000d7600000)
  from space 5120K, 74% used [0x00000000d7b00000,0x00000000d7eb8e08,0x00000000d8000000)
  to   space 5120K, 0% used [0x00000000d7600000,0x00000000d7600000,0x00000000d7b00000)
 ParOldGen       total 87552K, used 24K [0x0000000080000000, 0x0000000085580000, 0x00000000d5580000)
  object space 87552K, 0% used [0x0000000080000000,0x0000000080006000,0x0000000085580000)
 Metaspace       used 12209K, capacity 12616K, committed 12928K, reserved 1060864K
  class space    used 1674K, capacity 1796K, committed 1920K, reserved 1048576K
Event: 2.620 GC heap after
Heap after GC invocations=3 (full 0):
 PSYoungGen      total 38400K, used 5109K [0x00000000d5580000, 0x00000000d8000000, 0x0000000100000000)
  eden space 33280K, 0% used [0x00000000d5580000,0x00000000d5580000,0x00000000d7600000)
  from space 5120K, 99% used [0x00000000d7600000,0x00000000d7afd610,0x00000000d7b00000)
  to   space 5120K, 0% used [0x00000000d7b00000,0x00000000d7b00000,0x00000000d8000000)
 ParOldGen       total 87552K, used 1683K [0x0000000080000000, 0x0000000085580000, 0x00000000d5580000)
  object space 87552K, 1% used [0x0000000080000000,0x00000000801a4e40,0x0000000085580000)
 Metaspace       used 12209K, capacity 12616K, committed 12928K, reserved 1060864K
  class space    used 1674K, capacity 1796K, committed 1920K, reserved 1048576K
}
Event: 2.996 GC heap before
{Heap before GC invocations=4 (full 0):
 PSYoungGen      total 38400K, used 38389K [0x00000000d5580000, 0x00000000d8000000, 0x0000000100000000)
  eden space 33280K, 100% used [0x00000000d5580000,0x00000000d7600000,0x00000000d7600000)
  from space 5120K, 99% used [0x00000000d7600000,0x00000000d7afd610,0x00000000d7b00000)
  to   space 5120K, 0% used [0x00000000d7b00000,0x00000000d7b00000,0x00000000d8000000)
 ParOldGen       total 87552K, used 1683K [0x0000000080000000, 0x0000000085580000, 0x00000000d5580000)
  object space 87552K, 1% used [0x0000000080000000,0x00000000801a4e40,0x0000000085580000)
 Metaspace       used 15454K, capacity 15890K, committed 16128K, reserved 1062912K
  class space    used 2105K, capacity 2263K, committed 2304K, reserved 1048576K
Event: 3.003 GC heap after
Heap after GC invocations=4 (full 0):
 PSYoungGen      total 38400K, used 5093K [0x00000000d5580000, 0x00000000da080000, 0x0000000100000000)
  eden space 33280K, 0% used [0x00000000d5580000,0x00000000d5580000,0x00000000d7600000)
  from space 5120K, 99% used [0x00000000d7b00000,0x00000000d7ff9640,0x00000000d8000000)
  to   space 5120K, 0% used [0x00000000d7600000,0x00000000d7600000,0x00000000d7b00000)
 ParOldGen       total 87552K, used 4385K [0x0000000080000000, 0x0000000085580000, 0x00000000d5580000)
  object space 87552K, 5% used [0x0000000080000000,0x00000000804484a0,0x0000000085580000)
 Metaspace       used 15454K, capacity 15890K, committed 16128K, reserved 1062912K
  class space    used 2105K, capacity 2263K, committed 2304K, reserved 1048576K
}

Deoptimization events (10 events):
Event: 2.548 Thread 0x0000027d7d87a800 Uncommon trap: reason=bimorphic action=maybe_recompile pc=0x0000027d648c29ac method=java.util.HashMap.putVal(ILjava/lang/Object;Ljava/lang/Object;ZZ)Ljava/lang/Object; @ 253
Event: 2.548 Thread 0x0000027d7d87a800 Uncommon trap: reason=bimorphic action=maybe_recompile pc=0x0000027d648c29ac method=java.util.HashMap.putVal(ILjava/lang/Object;Ljava/lang/Object;ZZ)Ljava/lang/Object; @ 253
Event: 2.548 Thread 0x0000027d7d87a800 Uncommon trap: reason=class_check action=maybe_recompile pc=0x0000027d6488c26c method=java.util.HashMap.putVal(ILjava/lang/Object;Ljava/lang/Object;ZZ)Ljava/lang/Object; @ 203
Event: 2.548 Thread 0x0000027d7d87a800 Uncommon trap: reason=class_check action=maybe_recompile pc=0x0000027d6488c26c method=java.util.HashMap.putVal(ILjava/lang/Object;Ljava/lang/Object;ZZ)Ljava/lang/Object; @ 203
Event: 2.772 Thread 0x0000027d7d87a800 Uncommon trap: reason=class_check action=maybe_recompile pc=0x0000027d6491eb08 method=java.util.regex.Matcher.match(II)Z @ 86
Event: 2.786 Thread 0x0000027d7d87a800 Uncommon trap: reason=class_check action=maybe_recompile pc=0x0000027d6491eb08 method=java.util.regex.Matcher.match(II)Z @ 86
Event: 2.787 Thread 0x0000027d7d87a800 Uncommon trap: reason=class_check action=maybe_recompile pc=0x0000027d6491eb08 method=java.util.regex.Matcher.match(II)Z @ 86
Event: 2.788 Thread 0x0000027d7d87a800 Uncommon trap: reason=class_check action=maybe_recompile pc=0x0000027d64774930 method=java.util.regex.Matcher.match(II)Z @ 86
Event: 3.107 Thread 0x0000027d7d87a800 Uncommon trap: reason=unstable_if action=reinterpret pc=0x0000027d64915944 method=java.io.File.getName()Ljava/lang/String; @ 16
Event: 3.108 Thread 0x0000027d7d87a800 Uncommon trap: reason=unstable_if action=reinterpret pc=0x0000027d649118f8 method=java.lang.String.substring(I)Ljava/lang/String; @ 35

Classes redefined (0 events):
No events

Internal exceptions (10 events):
Event: 0.484 Thread 0x0000027d62ac3000 Exception <a 'java/lang/ArrayIndexOutOfBoundsException'> (0x00000000d68cff98) thrown at [C:\jenkins\workspace\8-2-build-windows-amd64-cygwin\jdk8u291\1294\hotspot\src\share\vm\runtime\sharedRuntime.cpp, line 609]
Event: 0.509 Thread 0x0000027d62ac3000 Exception <a 'java/lang/ArrayIndexOutOfBoundsException'> (0x00000000d6b933f8) thrown at [C:\jenkins\workspace\8-2-build-windows-amd64-cygwin\jdk8u291\1294\hotspot\src\share\vm\runtime\sharedRuntime.cpp, line 609]
Event: 0.510 Thread 0x0000027d62ac3000 Exception <a 'java/lang/ArrayIndexOutOfBoundsException'> (0x00000000d6bb3708) thrown at [C:\jenkins\workspace\8-2-build-windows-amd64-cygwin\jdk8u291\1294\hotspot\src\share\vm\runtime\sharedRuntime.cpp, line 609]
Event: 0.510 Thread 0x0000027d62ac3000 Exception <a 'java/lang/ArrayIndexOutOfBoundsException'> (0x00000000d6bb5ba8) thrown at [C:\jenkins\workspace\8-2-build-windows-amd64-cygwin\jdk8u291\1294\hotspot\src\share\vm\runtime\sharedRuntime.cpp, line 609]
Event: 0.510 Thread 0x0000027d62ac3000 Exception <a 'java/lang/ArrayIndexOutOfBoundsException'> (0x00000000d6bc1a00) thrown at [C:\jenkins\workspace\8-2-build-windows-amd64-cygwin\jdk8u291\1294\hotspot\src\share\vm\runtime\sharedRuntime.cpp, line 609]
Event: 0.510 Thread 0x0000027d62ac3000 Exception <a 'java/lang/ArrayIndexOutOfBoundsException'> (0x00000000d6bc3708) thrown at [C:\jenkins\workspace\8-2-build-windows-amd64-cygwin\jdk8u291\1294\hotspot\src\share\vm\runtime\sharedRuntime.cpp, line 609]
Event: 0.511 Thread 0x0000027d62ac3000 Exception <a 'java/lang/ArrayIndexOutOfBoundsException'> (0x00000000d6bd1f78) thrown at [C:\jenkins\workspace\8-2-build-windows-amd64-cygwin\jdk8u291\1294\hotspot\src\share\vm\runtime\sharedRuntime.cpp, line 609]
Event: 0.511 Thread 0x0000027d62ac3000 Exception <a 'java/lang/ArrayIndexOutOfBoundsException'> (0x00000000d6bdd968) thrown at [C:\jenkins\workspace\8-2-build-windows-amd64-cygwin\jdk8u291\1294\hotspot\src\share\vm\runtime\sharedRuntime.cpp, line 609]
Event: 0.511 Thread 0x0000027d62ac3000 Exception <a 'java/lang/ArrayIndexOutOfBoundsException'> (0x00000000d6be81e0) thrown at [C:\jenkins\workspace\8-2-build-windows-amd64-cygwin\jdk8u291\1294\hotspot\src\share\vm\runtime\sharedRuntime.cpp, line 609]
Event: 2.487 Thread 0x0000027d62ac3000 Exception <a 'java/io/IOException'> (0x00000000d6f08fa8) thrown at [C:\jenkins\workspace\8-2-build-windows-amd64-cygwin\jdk8u291\1294\hotspot\src\share\vm\prims\jni.cpp, line 710]

Events (10 events):
Event: 3.140 loading class org/apache/tools/ant/types/resources/FileProvider
Event: 3.140 loading class org/apache/tools/ant/types/resources/FileProvider done
Event: 3.140 loading class org/apache/tools/ant/types/resources/Appendable
Event: 3.140 loading class org/apache/tools/ant/types/resources/Appendable done
Event: 3.141 loading class org/apache/tools/ant/util/VectorSet
Event: 3.141 loading class org/apache/tools/ant/util/VectorSet done
Event: 3.142 Executing VM operation: Deoptimize
Event: 3.143 Executing VM operation: Deoptimize done
Event: 3.143 loading class org/apache/tools/ant/taskdefs/condition/Os
Event: 3.143 loading class org/apache/tools/ant/taskdefs/condition/Os done


Dynamic libraries:
0x00007ff6d4470000 - 0x00007ff6d44b7000 	C:\Program Files\Java\jdk1.8.0_291\bin\java.exe
0x00007ff89b880000 - 0x00007ff89ba87000 	C:\WINDOWS\SYSTEM32\ntdll.dll
0x00007ff89a690000 - 0x00007ff89a74d000 	C:\WINDOWS\System32\KERNEL32.DLL
0x00007ff898ed0000 - 0x00007ff899244000 	C:\WINDOWS\System32\KERNELBASE.dll
0x00007ff895c60000 - 0x00007ff895cf1000 	C:\WINDOWS\SYSTEM32\apphelp.dll
0x00007ff89b770000 - 0x00007ff89b81c000 	C:\WINDOWS\System32\ADVAPI32.dll
0x00007ff899d40000 - 0x00007ff899de3000 	C:\WINDOWS\System32\msvcrt.dll
0x00007ff89ab10000 - 0x00007ff89abad000 	C:\WINDOWS\System32\sechost.dll
0x00007ff89a470000 - 0x00007ff89a591000 	C:\WINDOWS\System32\RPCRT4.dll
0x00007ff8998d0000 - 0x00007ff899a7c000 	C:\WINDOWS\System32\USER32.dll
0x00007ff899460000 - 0x00007ff899486000 	C:\WINDOWS\System32\win32u.dll
0x00007ff899df0000 - 0x00007ff899e19000 	C:\WINDOWS\System32\GDI32.dll
0x00007ff899550000 - 0x00007ff899662000 	C:\WINDOWS\System32\gdi32full.dll
0x00007ff899670000 - 0x00007ff89970d000 	C:\WINDOWS\System32\msvcp_win.dll
0x00007ff899340000 - 0x00007ff899451000 	C:\WINDOWS\System32\ucrtbase.dll
0x00007ff8880a0000 - 0x00007ff888345000 	C:\WINDOWS\WinSxS\amd64_microsoft.windows.common-controls_6595b64144ccf1df_6.0.22000.120_none_9d947278b86cc467\COMCTL32.dll
0x00007ff899770000 - 0x00007ff8997a1000 	C:\WINDOWS\System32\IMM32.DLL
0x00007ff8617a0000 - 0x00007ff8617b5000 	C:\Program Files\Java\jdk1.8.0_291\jre\bin\vcruntime140.dll
0x00007ff853a40000 - 0x00007ff853adb000 	C:\Program Files\Java\jdk1.8.0_291\jre\bin\msvcp140.dll
0x00000000766a0000 - 0x0000000076f00000 	C:\Program Files\Java\jdk1.8.0_291\jre\bin\server\jvm.dll
0x00007ff89ab00000 - 0x00007ff89ab08000 	C:\WINDOWS\System32\PSAPI.DLL
0x00007ff87c820000 - 0x00007ff87c829000 	C:\WINDOWS\SYSTEM32\WSOCK32.dll
0x00007ff88af20000 - 0x00007ff88af53000 	C:\WINDOWS\SYSTEM32\WINMM.dll
0x00007ff89b6f0000 - 0x00007ff89b75f000 	C:\WINDOWS\System32\WS2_32.dll
0x00007ff896ac0000 - 0x00007ff896aca000 	C:\WINDOWS\SYSTEM32\VERSION.dll
0x00007ff897e50000 - 0x00007ff897e68000 	C:\WINDOWS\SYSTEM32\kernel.appcore.dll
0x00007ff891550000 - 0x00007ff891560000 	C:\Program Files\Java\jdk1.8.0_291\jre\bin\verify.dll
0x00007ff861770000 - 0x00007ff86179b000 	C:\Program Files\Java\jdk1.8.0_291\jre\bin\java.dll
0x00007ff861750000 - 0x00007ff861768000 	C:\Program Files\Java\jdk1.8.0_291\jre\bin\zip.dll
0x00007ff89ae60000 - 0x00007ff89b609000 	C:\WINDOWS\System32\SHELL32.dll
0x00007ff896ed0000 - 0x00007ff897732000 	C:\WINDOWS\SYSTEM32\windows.storage.dll
0x00007ff89a780000 - 0x00007ff89aaf8000 	C:\WINDOWS\System32\combase.dll
0x00007ff896d60000 - 0x00007ff896ec6000 	C:\WINDOWS\SYSTEM32\wintypes.dll
0x00007ff89a5a0000 - 0x00007ff89a68a000 	C:\WINDOWS\System32\SHCORE.dll
0x00007ff899710000 - 0x00007ff89976d000 	C:\WINDOWS\System32\shlwapi.dll
0x00007ff898c90000 - 0x00007ff898cb1000 	C:\WINDOWS\SYSTEM32\profapi.dll
0x00007ff860850000 - 0x00007ff86086c000 	C:\Program Files\Java\jdk1.8.0_291\jre\bin\net.dll
0x00007ff898250000 - 0x00007ff8982b7000 	C:\WINDOWS\system32\mswsock.dll
0x00007ff860740000 - 0x00007ff860753000 	C:\Program Files\Java\jdk1.8.0_291\jre\bin\nio.dll
0x00007ff8617c0000 - 0x00007ff8617e7000 	C:\Users\0ae\.gradle\native\c976cfcca226fdd4bee4412e95191dd41148b7504f9625baeda1d523bc39a967\windows-amd64\native-platform.dll
0x00007ff890d00000 - 0x00007ff890d0d000 	C:\Program Files\Java\jdk1.8.0_291\jre\bin\management.dll
0x00007ff898520000 - 0x00007ff898538000 	C:\WINDOWS\SYSTEM32\CRYPTSP.dll
0x00007ff897db0000 - 0x00007ff897de5000 	C:\WINDOWS\system32\rsaenh.dll
0x00007ff8982f0000 - 0x00007ff898319000 	C:\WINDOWS\SYSTEM32\USERENV.dll
0x00007ff898750000 - 0x00007ff898777000 	C:\WINDOWS\SYSTEM32\bcrypt.dll
0x00007ff899250000 - 0x00007ff8992d0000 	C:\WINDOWS\System32\bcryptprimitives.dll
0x00007ff898440000 - 0x00007ff89844c000 	C:\WINDOWS\SYSTEM32\CRYPTBASE.dll
0x00007ff897990000 - 0x00007ff8979bd000 	C:\WINDOWS\SYSTEM32\IPHLPAPI.DLL
0x00007ff89b760000 - 0x00007ff89b769000 	C:\WINDOWS\System32\NSI.dll
0x00007ff893180000 - 0x00007ff893199000 	C:\WINDOWS\SYSTEM32\dhcpcsvc6.DLL
0x00007ff893720000 - 0x00007ff89373e000 	C:\WINDOWS\SYSTEM32\dhcpcsvc.DLL
0x00007ff897a00000 - 0x00007ff897ae7000 	C:\WINDOWS\SYSTEM32\DNSAPI.dll
0x00007ff895db0000 - 0x00007ff895fd1000 	C:\WINDOWS\SYSTEM32\dbghelp.dll

VM Arguments:
jvm_args: -XX:MaxPermSize=512m -XX:+HeapDumpOnOutOfMemoryError -Xmx2048m -Dfile.encoding=UTF-8 -Duser.country=JP -Duser.language=ja -Duser.variant 
java_command: org.gradle.launcher.daemon.bootstrap.GradleDaemon 6.3
java_class_path (initial): C:\Users\0ae\.gradle\wrapper\dists\gradle-6.3-all\b4awcolw9l59x95tu1obfh9i8\gradle-6.3\lib\gradle-launcher-6.3.jar
Launcher Type: SUN_STANDARD

Environment Variables:
CLASSPATH=C:\Users\0ae\Documents\GitHub\PingHeng\app\android\\gradle\wrapper\gradle-wrapper.jar
PATH=C:\Users\0ae\Documents\GitHub\PingHeng\app\android\node_modules\.bin;C:\Users\0ae\Documents\GitHub\PingHeng\app\node_modules\.bin;C:\Users\0ae\Documents\GitHub\PingHeng\node_modules\.bin;C:\Users\0ae\Documents\GitHub\node_modules\.bin;C:\Users\0ae\Documents\node_modules\.bin;C:\Users\0ae\node_modules\.bin;C:\Users\node_modules\.bin;C:\node_modules\.bin;C:\Program Files\nodejs;C:\Program Files\PowerShell\7;C:\Program Files (x86)\Common Files\Oracle\Java\javapath;C:\Program Files (x86)\Common Files\Intel\Shared Libraries\redist\intel64\compiler;C:\Windows\system32;C:\Windows;C:\Windows\System32\Wbem;C:\Windows\System32\WindowsPowerShell\v1.0\;C:\Windows\System32\OpenSSH\;C:\ProgramData\chocolatey\bin;C:\Users\0ae\AppData\Roaming\nvm;C:\Program Files\nodejs;C:\Program Files\dotnet\;C:\Program Files\Microsoft SQL Server\130\Tools\Binn\;C:\Program Files\Microsoft SQL Server\Client SDK\ODBC\170\Tools\Binn\;C:\Program Files\NVIDIA Corporation\NVIDIA NvDLISR;C:\Program Files (x86)\NVIDIA Corporation\PhysX\Common;C:\Program Files (x86)\Yarn\bin\;C:\Program Files (x86)\dotnet\;C:\WINDOWS\system32;C:\WINDOWS;C:\WINDOWS\System32\Wbem;C:\WINDOWS\System32\WindowsPowerShell\v1.0\;C:\WINDOWS\System32\OpenSSH\;C:\Program Files (x86)\PowerShell\7\;C:\Users\0ae\chromedriver_win32\chromedriver.exe;C:\Program Files (x86)\GnuWin32\bin;C:\Android;C:\gradle-7.1.1\bin;C:\Program Files\Git\cmd;C:\Program Files\PowerShell\7\;C:\Ruby30-x64\bin;C:\Users\0ae\AppData\Local\Programs\Python\Python39\Scripts\;C:\Users\0ae\AppData\Local\Programs\Python\Python39\;C:\Users\0ae\AppData\Local\Android\Sdk\platform-tools;C:\Users\0ae\AppData\Roaming\nvm;C:\Program Files\nodejs;C:\Users\0ae\.dotnet\tools;C:\Users\0ae\AppData\Local\Yarn\bin;C:\Users\0ae\AppData\Local\GitHubDesktop\bin;C:\Users\0ae\AppData\Local\Programs\Microsoft VS Code\bin;C:\Users\0ae\AppData\Local\Microsoft\WindowsApps;C:\Android\android-sdk\tools\;
USERNAME=0ae
OS=Windows_NT
PROCESSOR_IDENTIFIER=AMD64 Family 23 Model 8 Stepping 2, AuthenticAMD



---------------  S Y S T E M  ---------------

OS: Windows 10.0 , 64 bit Build 22000 (10.0.22000.120)

CPU:total 16 (initial active 16) (16 cores per cpu, 1 threads per core) family 23 model 8 stepping 2, cmov, cx8, fxsr, mmx, sse, sse2, sse3, ssse3, sse4.1, sse4.2, popcnt, avx, avx2, aes, clmul, mmxext, 3dnowpref, lzcnt, sse4a, tsc, tscinvbit, tscinv, bmi1

Memory: 4k page, physical 8315908k(100364k free), swap 33481732k(3744k free)

vm_info: Java HotSpot(TM) 64-Bit Server VM (25.291-b10) for windows-amd64 JRE (1.8.0_291-b10), built on Apr  9 2021 00:02:00 by "java_re" with MS VC++ 15.9 (VS2017)

time: Fri Aug 27 13:20:11 2021
timezone: ìåãû (ïWèÄéû)
elapsed time: 3.201038 seconds (0d 0h 0m 3s)

